xrun(64): 25.03-s008: (c) Copyright 1995-2025 Cadence Design Systems, Inc.
TOOL:	xrun(64)	25.03-s008: Started on Jan 23, 2026 at 00:45:21 UTC
xrun
	-f list.f
		../../rtl/conv_g_to_b.sv
		../../rtl/control_pid.sv
		../../rtl/mux.sv
		../../rtl/pwm.sv
		../../rtl/current_process.sv
		../../rtl/adc.sv
		../../rtl/current_monitor.sv
		../../rtl/top_servo.sv
		../top_servo_tb.sv
	-l ./logs/comp.log
	+define+alfacen_noaxi_base_test+
	-access +rwc
	-timescale 1ns/1ps
	-sv
file: ../../rtl/control_pid.sv
	signed [31:0] error;
	     |
xmvlog: *W,SVBDDT (../../rtl/control_pid.sv,15|6): SystemVerilog requires an explicit 'bit', 'reg' or 'logic' just prior to this symbol (an implicit 'logic' is being assumed).
	signed [31:0] last_error;
	     |
xmvlog: *W,SVBDDT (../../rtl/control_pid.sv,16|6): SystemVerilog requires an explicit 'bit', 'reg' or 'logic' just prior to this symbol (an implicit 'logic' is being assumed).
	signed [31:0] control_val;
	     |
xmvlog: *W,SVBDDT (../../rtl/control_pid.sv,17|6): SystemVerilog requires an explicit 'bit', 'reg' or 'logic' just prior to this symbol (an implicit 'logic' is being assumed).
			integral <= 0;
			       |
xmvlog: *E,UNDIDN (../../rtl/control_pid.sv,25|10): 'integral': undeclared identifier [12.5(IEEE)].
			integral <= integral + error;  //calculated integral error
			       |
xmvlog: *E,UNDIDN (../../rtl/control_pid.sv,31|10): 'integral': undeclared identifier [12.5(IEEE)].
			integral <= integral + error;  //calculated integral error
			                   |
xmvlog: *E,UNDIDN (../../rtl/control_pid.sv,31|22): 'integral': undeclared identifier [12.5(IEEE)].
			derivative = error - last_error;   //calculated derivated error
			         |
xmvlog: *E,UNDIDN (../../rtl/control_pid.sv,33|12): 'derivative': undeclared identifier [12.5(IEEE)].
			control_val = OFFSET + (KP * error) + (KI * integral) + (KD * derivative);  //PID equation
			                                                   |
xmvlog: *E,UNDIDN (../../rtl/control_pid.sv,37|54): 'integral': undeclared identifier [12.5(IEEE)].
			control_val = OFFSET + (KP * error) + (KI * integral) + (KD * derivative);  //PID equation
			                                                                       |
xmvlog: *E,UNDIDN (../../rtl/control_pid.sv,37|74): 'derivative': undeclared identifier [12.5(IEEE)].
	module worklib.control_pid:sv
		errors: 6, warnings: 3
file: ../../rtl/pwm.sv
			if (counter < TOTAL PERIOD - 1)begin
			                         |
xmvlog: *E,EXPRPA (../../rtl/pwm.sv,22|28): expecting a right parenthesis (')') [9.4(IEEE)].
			if (counter < TOTAL PERIOD - 1)begin
			                           |
xmvlog: *E,MISEXX (../../rtl/pwm.sv,22|30): expecting an '=' or '<=' sign in an assignment [9.2(IEEE)].
			end else begin
			       |
xmvlog: *E,NOTSTT (../../rtl/pwm.sv,24|10): expecting a statement [9(IEEE)].
	end
	  |
xmvlog: *E,EXPENM (../../rtl/pwm.sv,32|3): expecting the keyword 'endmodule' [12.1(IEEE)].
	module worklib.pwm:sv
		errors: 4, warnings: 0
file: ../../rtl/current_process.sv
	always_ff @(posedge clk or negedge rst_n) begin
	        |
xmvlog: *E,EXPSMC (../../rtl/current_process.sv,12|9): expecting a semicolon (';') [3.2.2(IEEE)].
endmodule
        |
xmvlog: *E,NOTSTT (../../rtl/current_process.sv,25|8): expecting a statement [9(IEEE)].
	module worklib.current_process:sv
		errors: 2, warnings: 0
file: ../../rtl/adc.sv
	end
	  |
xmvlog: *E,EXPSMC (../../rtl/adc.sv,18|3): expecting a semicolon (';') [9.2.2(IEEE)].
	module worklib.adc:sv
		errors: 1, warnings: 0
file: ../../rtl/top_servo.sv
	);
	|
xmvlog: *E,PLMIXU (../../rtl/top_servo.sv,22|1): ordered and named port list mixed syntax [12.3.3][12.3.4(IEEE)].
	module worklib.top_servo:sv
		errors: 1, warnings: 0
file: ../top_servo_tb.sv
	);
	|
xmvlog: *E,PLMIXU (../top_servo_tb.sv,16|1): ordered and named port list mixed syntax [12.3.3][12.3.4(IEEE)].
	module worklib.top_servo_tb:sv
		errors: 1, warnings: 0
xrun: *E,VLGERR: An error occurred during parsing.  Review the log file for errors with the code *E and fix those identified problems to proceed.  Exiting with code (status 1).
TOOL:	xrun(64)	25.03-s008: Exiting on Jan 23, 2026 at 00:45:21 UTC  (total: 00:00:00)
